<?xml version="1.0" encoding="UTF-8"?>
<!-- Generated by org.testng.reporters.JUnitReportReporter -->
<testsuite hostname="DESKTOP-SK910QI" failures="0" tests="6" name="DemoProject.DemoProject.DynamicJsonParsing" time="6.169" errors="0" timestamp="2022-06-06T21:49:52 IST" skipped="0">
  <testcase classname="DemoProject.DemoProject.DynamicJsonParsing" name="DeleteBook" time="0.491"/>
  <system-out/>
  <testcase classname="DemoProject.DemoProject.DynamicJsonParsing" name="AddBook" time="4.151"/>
  <system-out/>
  <testcase classname="DemoProject.DemoProject.DynamicJsonParsing" name="AddBook" time="0.448"/>
  <system-out/>
  <testcase classname="DemoProject.DemoProject.DynamicJsonParsing" name="DeleteBook" time="0.365"/>
  <system-out/>
  <testcase classname="DemoProject.DemoProject.DynamicJsonParsing" name="DeleteBook" time="0.280"/>
  <system-out/>
  <testcase classname="DemoProject.DemoProject.DynamicJsonParsing" name="AddBook" time="0.434"/>
  <system-out/>
</testsuite> <!-- DemoProject.DemoProject.DynamicJsonParsing -->
