<?xml version="1.0" encoding="UTF-8"?>
<!-- Generated by org.testng.reporters.JUnitReportReporter -->
<testsuite hostname="DESKTOP-SK910QI" failures="0" tests="1" name="DemoProject.DemoProject.ComplexJsonPractice" time="2.562" errors="0" timestamp="2022-06-06T10:18:03 IST" skipped="0">
  <testcase classname="DemoProject.DemoProject.ComplexJsonPractice" name="courses_Json" time="2.562"/>
  <system-out/>
</testsuite> <!-- DemoProject.DemoProject.ComplexJsonPractice -->
