<?xml version="1.0" encoding="UTF-8"?>
<!-- Generated by org.testng.reporters.JUnitReportReporter -->
<testsuite hostname="DESKTOP-SK910QI" failures="0" tests="1" name="DemoProject.DemoProject.StaticJsonPath" time="5.095" errors="0" timestamp="2022-06-06T21:47:52 IST" skipped="0">
  <testcase classname="DemoProject.DemoProject.StaticJsonPath" name="AddPlace" time="5.095"/>
  <system-out/>
</testsuite> <!-- DemoProject.DemoProject.StaticJsonPath -->
